<?xml version="1.0" ?>
<coverage version="7.9.2" timestamp="1765535807700" lines-valid="10" lines-covered="8" line-rate="0.8" branches-covered="0" branches-valid="0" branch-rate="0" complexity="0">
	<sources>
		<source>/app</source>
	</sources>
	<packages>
        <!-- Flat structure often involves either empty package or direct classes -->
		<package name="" line-rate="0.8" branch-rate="0" complexity="0">
			<classes>
				<class name="main.py" filename="main.py" complexity="0" line-rate="1.0" branch-rate="0">
					<methods/>
					<lines>
						<line number="1" hits="1"/>
						<line number="2" hits="1"/>
					</lines>
				</class>
				<class name="utils.py" filename="utils.py" complexity="0" line-rate="0.75" branch-rate="0">
					<methods/>
					<lines>
						<line number="1" hits="1"/>
						<line number="2" hits="1"/>
                        <line number="3" hits="1"/>
                        <line number="4" hits="1"/>
                        <line number="5" hits="1"/>
                        <line number="6" hits="1"/>
                        <line number="7" hits="0"/>
                        <line number="8" hits="0"/>
					</lines>
				</class>
			</classes>
		</package>
	</packages>
</coverage>
